build/app/intermediates/manifest_merge_blame_file/release/manifest-merger-blame-release-report.txt
1<?xml version="1.0" encoding="utf-8"?>
2<manifest xmlns:android="http://schemas.android.com/apk/res/android"
3    package="com.alpertuncerv1"
4    android:versionCode="1"
5    android:versionName="0.1.5" >
6
7    <uses-sdk
8        android:minSdkVersion="16"
8-->src/main/AndroidManifest.xml
9        android:targetSdkVersion="30" />
9-->src/main/AndroidManifest.xml
10
11    <!--
12         The INTERNET permission is required for development. Specifically,
13         flutter needs it to communicate with the running application
14         to allow setting breakpoints, to provide hot reload, etc.
15    -->
16    <uses-permission android:name="android.permission.INTERNET" />
16-->src/main/AndroidManifest.xml:8:5-66
16-->src/main/AndroidManifest.xml:8:22-64
17    <uses-permission android:name="android.permission.ACCESS_COARSE_LOCATION" />
17-->src/main/AndroidManifest.xml:9:5-80
17-->src/main/AndroidManifest.xml:9:22-78
18    <uses-permission android:name="android.permission.ACCESS_FINE_LOCATION" />
18-->src/main/AndroidManifest.xml:10:5-78
18-->src/main/AndroidManifest.xml:10:22-76
19    <uses-permission android:name="android.permission.ACCESS_WIFI_STATE" />
19-->[:esptouch_flutter] AndroidManifest.xml:7:5-76
19-->[:esptouch_flutter] AndroidManifest.xml:7:22-73
20    <uses-permission android:name="android.permission.CHANGE_WIFI_MULTICAST_STATE" />
20-->[:esptouch_flutter] AndroidManifest.xml:8:5-86
20-->[:esptouch_flutter] AndroidManifest.xml:8:22-83
21    <uses-permission android:name="android.permission.CHANGE_WIFI_STATE" /> <!-- Although the *SdkVersion is captured in gradle build files, this is required for non gradle builds -->
21-->[:esptouch_flutter] AndroidManifest.xml:9:5-76
21-->[:esptouch_flutter] AndroidManifest.xml:9:22-73
22    <!-- <uses-sdk android:minSdkVersion="14"/> -->
23    <uses-permission android:name="android.permission.ACCESS_NETWORK_STATE" />
23-->[com.google.firebase:firebase-database:19.5.0] AndroidManifest.xml:25:5-79
23-->[com.google.firebase:firebase-database:19.5.0] AndroidManifest.xml:25:22-76
24    <uses-permission android:name="android.permission.WAKE_LOCK" />
24-->[com.google.android.gms:play-services-measurement-api:17.6.0] AndroidManifest.xml:24:5-68
24-->[com.google.android.gms:play-services-measurement-api:17.6.0] AndroidManifest.xml:24:22-65
25    <uses-permission android:name="com.google.android.finsky.permission.BIND_GET_INSTALL_REFERRER_SERVICE" />
25-->[com.google.android.gms:play-services-measurement:17.6.0] AndroidManifest.xml:26:5-110
25-->[com.google.android.gms:play-services-measurement:17.6.0] AndroidManifest.xml:26:22-107
26    <!--
27 io.flutter.app.FlutterApplication is an android.app.Application that
28         calls FlutterMain.startInitialization(this); in its onCreate method.
29         In most cases you can leave this as-is, but you if you want to provide
30         additional functionality it is fine to subclass or reimplement
31         FlutterApplication and put your custom class here.
32    -->
33    <application
33-->src/main/AndroidManifest.xml:17:5-40:19
34        android:name="io.flutter.app.FlutterApplication"
34-->src/main/AndroidManifest.xml:18:9-57
35        android:appComponentFactory="androidx.core.app.CoreComponentFactory"
35-->[androidx.core:core:1.3.2] AndroidManifest.xml:24:18-86
36        android:icon="@mipmap/ic_launcher"
36-->src/main/AndroidManifest.xml:20:9-43
37        android:label="esptouch_example" >
37-->src/main/AndroidManifest.xml:19:9-41
38        <activity
38-->src/main/AndroidManifest.xml:21:9-39:20
39            android:name="com.smaho.eng.esptouchexample.MainActivity"
39-->src/main/AndroidManifest.xml:22:13-41
40            android:configChanges="orientation|keyboardHidden|keyboard|screenSize|locale|layoutDirection|fontScale|screenLayout|density"
40-->src/main/AndroidManifest.xml:25:13-137
41            android:hardwareAccelerated="true"
41-->src/main/AndroidManifest.xml:26:13-47
42            android:launchMode="singleTop"
42-->src/main/AndroidManifest.xml:23:13-43
43            android:theme="@style/LaunchTheme"
43-->src/main/AndroidManifest.xml:24:13-47
44            android:windowSoftInputMode="adjustResize" >
44-->src/main/AndroidManifest.xml:27:13-55
45
46            <!--
47                 This keeps the window background of the activity showing
48                 until Flutter renders its first frame. It can be removed if
49                 there is no splash screen (such as the default splash screen
50                 defined in @style/LaunchTheme).
51            -->
52            <meta-data
52-->src/main/AndroidManifest.xml:32:13-34:40
53                android:name="io.flutter.app.android.SplashScreenUntilFirstFrame"
53-->src/main/AndroidManifest.xml:33:17-82
54                android:value="true" />
54-->src/main/AndroidManifest.xml:34:17-37
55
56            <intent-filter>
56-->src/main/AndroidManifest.xml:35:13-38:29
57                <action android:name="android.intent.action.MAIN" />
57-->src/main/AndroidManifest.xml:36:17-68
57-->src/main/AndroidManifest.xml:36:25-66
58
59                <category android:name="android.intent.category.LAUNCHER" />
59-->src/main/AndroidManifest.xml:37:17-76
59-->src/main/AndroidManifest.xml:37:27-74
60            </intent-filter>
61        </activity>
62
63        <service
63-->[:firebase_auth] AndroidManifest.xml:8:9-12:19
64            android:name="com.google.firebase.components.ComponentDiscoveryService"
64-->[:firebase_auth] AndroidManifest.xml:8:18-89
65            android:directBootAware="true"
65-->[com.google.firebase:firebase-common:19.3.1] AndroidManifest.xml:35:13-43
66            android:exported="false" >
66-->[com.google.firebase:firebase-auth:19.4.0] AndroidManifest.xml:35:13-37
67            <meta-data
67-->[:firebase_auth] AndroidManifest.xml:9:13-11:85
68                android:name="com.google.firebase.components:io.flutter.plugins.firebase.auth.FlutterFirebaseAuthRegistrar"
68-->[:firebase_auth] AndroidManifest.xml:10:17-124
69                android:value="com.google.firebase.components.ComponentRegistrar" />
69-->[:firebase_auth] AndroidManifest.xml:11:17-82
70            <meta-data
70-->[:firebase_database] AndroidManifest.xml:9:13-11:85
71                android:name="com.google.firebase.components:io.flutter.plugins.firebase.database.FlutterFirebaseAppRegistrar"
71-->[:firebase_database] AndroidManifest.xml:10:17-127
72                android:value="com.google.firebase.components.ComponentRegistrar" />
72-->[:firebase_database] AndroidManifest.xml:11:17-82
73            <meta-data
73-->[:firebase_core] AndroidManifest.xml:9:13-11:85
74                android:name="com.google.firebase.components:io.flutter.plugins.firebase.core.FlutterFirebaseCoreRegistrar"
74-->[:firebase_core] AndroidManifest.xml:10:17-124
75                android:value="com.google.firebase.components.ComponentRegistrar" />
75-->[:firebase_core] AndroidManifest.xml:11:17-82
76            <meta-data
76-->[com.google.firebase:firebase-auth:19.4.0] AndroidManifest.xml:36:13-38:85
77                android:name="com.google.firebase.components:com.google.firebase.auth.FirebaseAuthRegistrar"
77-->[com.google.firebase:firebase-auth:19.4.0] AndroidManifest.xml:37:17-109
78                android:value="com.google.firebase.components.ComponentRegistrar" />
78-->[com.google.firebase:firebase-auth:19.4.0] AndroidManifest.xml:38:17-82
79            <meta-data
79-->[com.google.firebase:firebase-database:19.5.0] AndroidManifest.xml:32:13-34:85
80                android:name="com.google.firebase.components:com.google.firebase.database.DatabaseRegistrar"
80-->[com.google.firebase:firebase-database:19.5.0] AndroidManifest.xml:33:17-109
81                android:value="com.google.firebase.components.ComponentRegistrar" />
81-->[com.google.firebase:firebase-database:19.5.0] AndroidManifest.xml:34:17-82
82            <meta-data
82-->[com.google.android.gms:play-services-measurement-api:17.6.0] AndroidManifest.xml:30:13-32:85
83                android:name="com.google.firebase.components:com.google.firebase.analytics.connector.internal.AnalyticsConnectorRegistrar"
83-->[com.google.android.gms:play-services-measurement-api:17.6.0] AndroidManifest.xml:31:17-139
84                android:value="com.google.firebase.components.ComponentRegistrar" />
84-->[com.google.android.gms:play-services-measurement-api:17.6.0] AndroidManifest.xml:32:17-82
85            <meta-data
85-->[com.google.firebase:firebase-installations:16.3.2] AndroidManifest.xml:17:13-19:85
86                android:name="com.google.firebase.components:com.google.firebase.installations.FirebaseInstallationsRegistrar"
86-->[com.google.firebase:firebase-installations:16.3.2] AndroidManifest.xml:18:17-127
87                android:value="com.google.firebase.components.ComponentRegistrar" />
87-->[com.google.firebase:firebase-installations:16.3.2] AndroidManifest.xml:19:17-82
88        </service>
89
90        <activity
90-->[com.google.firebase:firebase-auth:19.4.0] AndroidManifest.xml:24:9-31:50
91            android:name="com.google.firebase.auth.internal.FederatedSignInActivity"
91-->[com.google.firebase:firebase-auth:19.4.0] AndroidManifest.xml:25:13-85
92            android:excludeFromRecents="true"
92-->[com.google.firebase:firebase-auth:19.4.0] AndroidManifest.xml:26:13-46
93            android:exported="true"
93-->[com.google.firebase:firebase-auth:19.4.0] AndroidManifest.xml:27:13-36
94            android:launchMode="singleTask"
94-->[com.google.firebase:firebase-auth:19.4.0] AndroidManifest.xml:28:13-44
95            android:permission="com.google.firebase.auth.api.gms.permission.LAUNCH_FEDERATED_SIGN_IN"
95-->[com.google.firebase:firebase-auth:19.4.0] AndroidManifest.xml:29:13-102
96            android:theme="@android:style/Theme.Translucent.NoTitleBar" />
96-->[com.google.firebase:firebase-auth:19.4.0] AndroidManifest.xml:30:13-72
97        <activity
97-->[com.google.android.gms:play-services-base:17.1.0] AndroidManifest.xml:23:9-26:75
98            android:name="com.google.android.gms.common.api.GoogleApiActivity"
98-->[com.google.android.gms:play-services-base:17.1.0] AndroidManifest.xml:24:13-79
99            android:exported="false"
99-->[com.google.android.gms:play-services-base:17.1.0] AndroidManifest.xml:25:13-37
100            android:theme="@android:style/Theme.Translucent.NoTitleBar" />
100-->[com.google.android.gms:play-services-base:17.1.0] AndroidManifest.xml:26:13-72
101
102        <provider
102-->[com.google.firebase:firebase-common:19.3.1] AndroidManifest.xml:26:9-31:39
103            android:name="com.google.firebase.provider.FirebaseInitProvider"
103-->[com.google.firebase:firebase-common:19.3.1] AndroidManifest.xml:27:13-77
104            android:authorities="com.alpertuncerv1.firebaseinitprovider"
104-->[com.google.firebase:firebase-common:19.3.1] AndroidManifest.xml:28:13-72
105            android:directBootAware="true"
105-->[com.google.firebase:firebase-common:19.3.1] AndroidManifest.xml:29:13-43
106            android:exported="false"
106-->[com.google.firebase:firebase-common:19.3.1] AndroidManifest.xml:30:13-37
107            android:initOrder="100" />
107-->[com.google.firebase:firebase-common:19.3.1] AndroidManifest.xml:31:13-36
108
109        <receiver
109-->[com.google.android.gms:play-services-measurement:17.6.0] AndroidManifest.xml:29:9-33:20
110            android:name="com.google.android.gms.measurement.AppMeasurementReceiver"
110-->[com.google.android.gms:play-services-measurement:17.6.0] AndroidManifest.xml:30:13-85
111            android:enabled="true"
111-->[com.google.android.gms:play-services-measurement:17.6.0] AndroidManifest.xml:31:13-35
112            android:exported="false" >
112-->[com.google.android.gms:play-services-measurement:17.6.0] AndroidManifest.xml:32:13-37
113        </receiver>
114
115        <service
115-->[com.google.android.gms:play-services-measurement:17.6.0] AndroidManifest.xml:35:9-38:40
116            android:name="com.google.android.gms.measurement.AppMeasurementService"
116-->[com.google.android.gms:play-services-measurement:17.6.0] AndroidManifest.xml:36:13-84
117            android:enabled="true"
117-->[com.google.android.gms:play-services-measurement:17.6.0] AndroidManifest.xml:37:13-35
118            android:exported="false" />
118-->[com.google.android.gms:play-services-measurement:17.6.0] AndroidManifest.xml:38:13-37
119        <service
119-->[com.google.android.gms:play-services-measurement:17.6.0] AndroidManifest.xml:39:9-43:72
120            android:name="com.google.android.gms.measurement.AppMeasurementJobService"
120-->[com.google.android.gms:play-services-measurement:17.6.0] AndroidManifest.xml:40:13-87
121            android:enabled="true"
121-->[com.google.android.gms:play-services-measurement:17.6.0] AndroidManifest.xml:41:13-35
122            android:exported="false"
122-->[com.google.android.gms:play-services-measurement:17.6.0] AndroidManifest.xml:42:13-37
123            android:permission="android.permission.BIND_JOB_SERVICE" />
123-->[com.google.android.gms:play-services-measurement:17.6.0] AndroidManifest.xml:43:13-69
124
125        <meta-data
125-->[com.google.android.gms:play-services-basement:17.0.0] AndroidManifest.xml:23:9-25:69
126            android:name="com.google.android.gms.version"
126-->[com.google.android.gms:play-services-basement:17.0.0] AndroidManifest.xml:24:13-58
127            android:value="@integer/google_play_services_version" />
127-->[com.google.android.gms:play-services-basement:17.0.0] AndroidManifest.xml:25:13-66
128    </application>
129
130</manifest>